<?xml version="1.0" encoding="UTF-8"?>
<!-- Generated by org.testng.reporters.JUnitReportReporter -->
<testsuite skipped="0" hostname="air-jihan" name="tests.NegativeLogin" tests="5" failures="0" timestamp="2020-05-09T18:56:42 WIB" time="80.633" errors="0">
  <testcase name="invalidUsername" time="16.366" classname="tests.NegativeLogin"/>
  <system-out/>
  <testcase name="invalidPassword" time="18.412" classname="tests.NegativeLogin"/>
  <system-out/>
  <testcase name="blankUsername" time="17.751" classname="tests.NegativeLogin"/>
  <system-out/>
  <testcase name="blankPassword" time="16.757" classname="tests.NegativeLogin"/>
  <system-out/>
  <testcase name="blankUsernameAndPassword" time="11.347" classname="tests.NegativeLogin"/>
  <system-out/>
</testsuite> <!-- tests.NegativeLogin -->
