<?xml version="1.0" encoding="UTF-8"?>
<!-- Generated by org.testng.reporters.JUnitReportReporter -->
<testsuite skipped="0" hostname="10.0.2.15" name="tests.LoginLogout" tests="7" failures="0" timestamp="2020-07-22T16:11:15 WIB" time="114.626" errors="0">
  <testcase name="Login" time="10.943" classname="tests.LoginLogout"/>
  <system-out/>
  <testcase name="Logout" time="10.899" classname="tests.LoginLogout"/>
  <system-out/>
  <testcase name="LoginInvalidUsername" time="16.767" classname="tests.LoginLogout"/>
  <system-out/>
  <testcase name="LoginInvalidPassword" time="19.382" classname="tests.LoginLogout"/>
  <system-out/>
  <testcase name="LoginBlankUsername" time="18.922" classname="tests.LoginLogout"/>
  <system-out/>
  <testcase name="LoginBlankPassword" time="19.448" classname="tests.LoginLogout"/>
  <system-out/>
  <testcase name="LoginBlankUsernameAndPassword" time="18.265" classname="tests.LoginLogout"/>
  <system-out/>
</testsuite> <!-- tests.LoginLogout -->
