<?xml version="1.0" encoding="UTF-8"?>
<!-- Generated by org.testng.reporters.JUnitReportReporter -->
<testsuite skipped="0" hostname="10.0.2.15" name="tests.Registration" tests="5" failures="0" timestamp="2020-07-22T16:13:22 WIB" time="51.142" errors="0">
  <testcase name="RegisterFirstNameMaxLengthChar" time="8.823" classname="tests.Registration"/>
  <system-out/>
  <testcase name="RegisterLastNameMaxLengthChar" time="11.618" classname="tests.Registration"/>
  <system-out/>
  <testcase name="RegisterInvalidEmailFormat" time="6.351" classname="tests.Registration"/>
  <system-out/>
  <testcase name="RegisterPasswordLess6Characters" time="9.898" classname="tests.Registration"/>
  <system-out/>
  <testcase name="RegisterPasswordMore20Characters" time="14.452" classname="tests.Registration"/>
  <system-out/>
</testsuite> <!-- tests.Registration -->
