<?xml version="1.0" encoding="UTF-8"?>
<!-- Generated by org.testng.reporters.JUnitReportReporter -->
<testsuite skipped="0" hostname="air-jihan" name="tests.ChangePassword" tests="5" failures="0" timestamp="2020-06-02T08:49:22 WIB" time="95.359" errors="0">
  <testcase name="successChangePassword" time="28.603" classname="tests.ChangePassword"/>
  <system-out/>
  <testcase name="loginWithNewPassword" time="23.889" classname="tests.ChangePassword"/>
  <system-out/>
  <testcase name="differentNewPassword" time="12.358" classname="tests.ChangePassword"/>
  <system-out/>
  <testcase name="invalidOldPassword" time="26.815" classname="tests.ChangePassword"/>
  <system-out/>
  <testcase name="cancelChangePassword" time="3.694" classname="tests.ChangePassword"/>
  <system-out/>
</testsuite> <!-- tests.ChangePassword -->
