<?xml version="1.0" encoding="UTF-8"?>
<!-- Generated by org.testng.reporters.JUnitReportReporter -->
<testsuite skipped="0" hostname="air-jihan" name="tests.CancelChangePassword" tests="1" failures="0" timestamp="2020-06-01T17:50:35 WIB" time="15.577" errors="0">
  <testcase name="cancelChangePassword" time="15.577" classname="tests.CancelChangePassword"/>
  <system-out/>
</testsuite> <!-- tests.CancelChangePassword -->
