<?xml version="1.0" encoding="UTF-8"?>
<!-- Generated by org.testng.reporters.JUnitReportReporter -->
<testsuite skipped="0" hostname="air-jihan" name="tests.NegativeRegistration" tests="5" failures="0" timestamp="2020-05-09T21:49:07 WIB" time="76.702" errors="0">
  <testcase name="firstNameMaxLengthChar" time="17.164" classname="tests.NegativeRegistration"/>
  <system-out/>
  <testcase name="lastNameMaxLengthChar" time="18.419" classname="tests.NegativeRegistration"/>
  <system-out/>
  <testcase name="invalidEmailFormat" time="18.009" classname="tests.NegativeRegistration"/>
  <system-out/>
  <testcase name="passwordLess6Characters" time="12.247" classname="tests.NegativeRegistration"/>
  <system-out/>
  <testcase name="passwordMore20Characters" time="10.863" classname="tests.NegativeRegistration"/>
  <system-out/>
</testsuite> <!-- tests.NegativeRegistration -->
