<?xml version="1.0" encoding="UTF-8"?>
<!-- Generated by org.testng.reporters.JUnitReportReporter -->
<testsuite skipped="0" hostname="MacBook-Air-Jihan.local" name="tests.Registration" tests="5" failures="0" timestamp="2020-05-29T16:30:56 WIB" time="82.257" errors="0">
  <testcase name="RegisterFirstNameMaxLengthChar" time="18.258" classname="tests.Registration"/>
  <system-out/>
  <testcase name="RegisterLastNameMaxLengthChar" time="19.294" classname="tests.Registration"/>
  <system-out/>
  <testcase name="RegisterInvalidEmailFormat" time="20.349" classname="tests.Registration"/>
  <system-out/>
  <testcase name="RegisterPasswordLess6Characters" time="13.297" classname="tests.Registration"/>
  <system-out/>
  <testcase name="RegisterPasswordMore20Characters" time="11.059" classname="tests.Registration"/>
  <system-out/>
</testsuite> <!-- tests.Registration -->
