<?xml version="1.0" encoding="UTF-8"?>
<!-- Generated by org.testng.reporters.JUnitReportReporter -->
<testsuite skipped="0" hostname="air-jihan" name="tests.LoginLogout" tests="7" failures="0" timestamp="2020-06-02T08:49:22 WIB" time="77.488" errors="0">
  <testcase name="Login" time="12.433" classname="tests.LoginLogout"/>
  <system-out/>
  <testcase name="Logout" time="4.013" classname="tests.LoginLogout"/>
  <system-out/>
  <testcase name="LoginInvalidUsername" time="11.497" classname="tests.LoginLogout"/>
  <system-out/>
  <testcase name="LoginInvalidPassword" time="14.292" classname="tests.LoginLogout"/>
  <system-out/>
  <testcase name="LoginBlankUsername" time="13.713" classname="tests.LoginLogout"/>
  <system-out/>
  <testcase name="LoginBlankPassword" time="12.758" classname="tests.LoginLogout"/>
  <system-out/>
  <testcase name="LoginBlankUsernameAndPassword" time="8.782" classname="tests.LoginLogout"/>
  <system-out/>
</testsuite> <!-- tests.LoginLogout -->
