<?xml version="1.0" encoding="UTF-8"?>
<!-- Generated by org.testng.reporters.JUnitReportReporter -->
<testsuite skipped="0" hostname="10.0.2.15" name="tests.ChangePassword" tests="5" failures="0" timestamp="2020-07-22T16:56:17 WIB" time="135.470" errors="0">
  <testcase name="successChangePassword" time="32.020" classname="tests.ChangePassword"/>
  <system-out/>
  <testcase name="loginWithNewPassword" time="33.422" classname="tests.ChangePassword"/>
  <system-out/>
  <testcase name="differentNewPassword" time="21.180" classname="tests.ChangePassword"/>
  <system-out/>
  <testcase name="invalidOldPassword" time="27.355" classname="tests.ChangePassword"/>
  <system-out/>
  <testcase name="cancelChangePassword" time="21.493" classname="tests.ChangePassword"/>
  <system-out/>
</testsuite> <!-- tests.ChangePassword -->
